<?xml version="1.0" encoding="UTF-8"?>
<!-- Generated by org.testng.reporters.JUnitReportReporter -->
<testsuite hostname="Tushars-MBP.home" failures="0" tests="4" name="test.scenarios.UserTestSteps" time="291.570" errors="0" timestamp="2023-11-10T14:53:37 CET" skipped="0">
  <testcase classname="test.scenarios.UserTestSteps" name="createJsonSchemaValidationForPeopleAPI" time="9.625"/>
  <system-out/>
  <testcase classname="test.scenarios.UserTestSteps" name="findFilmByLatestReleaseDate" time="11.466"/>
  <system-out/>
  <testcase classname="test.scenarios.UserTestSteps" name="findTallestPersonFromLatestFilm" time="56.627"/>
  <system-out/>
  <testcase classname="test.scenarios.UserTestSteps" name="findTallestPersonFromStarwarsFilm" time="213.852"/>
  <system-out/>
</testsuite> <!-- test.scenarios.UserTestSteps -->
